
> get-started-node@0.1.1 start /Users/huj10001/Documents/get-started-node
> node server.js

To view your app, open this link in your browser: http://localhost:3000
Num of sensors: 51
gateway: [ { GATEWAY_NAME: 'TEST1' },
  { GATEWAY_NAME: 'TEST_SG' },
  { GATEWAY_NAME: 'UCONN_GW' },
  { GATEWAY_NAME: 'i3-kilby' },
  { GATEWAY_NAME: 'i3-kilby-sg' },
  { GATEWAY_NAME: 'range_test' } ]
network stat data: [ { '2': 2.002843494494702, SENSOR_ID: 3 },
  { '2': 2.8702490048276377, SENSOR_ID: 4 },
  { '2': 3.0340935788262393, SENSOR_ID: 5 },
  { '2': 2.744424862211523, SENSOR_ID: 6 },
  { '2': 3.0635391424250455, SENSOR_ID: 7 },
  { '2': 5.303838252382049, SENSOR_ID: 8 },
  { '2': 3.3737002631579047, SENSOR_ID: 9 },
  { '2': 3.146016206038604, SENSOR_ID: 10 },
  { '2': 2.9313634568237594, SENSOR_ID: 11 },
  { '2': 2.9957761058864443, SENSOR_ID: 12 },
  { '2': 3.536438378458346, SENSOR_ID: 13 },
  { '2': 2.7174889929057136, SENSOR_ID: 14 },
  { '2': 3.4373666666666636, SENSOR_ID: 15 },
  { '2': 2.2634129309502913, SENSOR_ID: 16 },
  { '2': 2.4951668201350397, SENSOR_ID: 17 },
  { '2': 2.310324315514996, SENSOR_ID: 18 },
  { '2': 2.3224106886657134, SENSOR_ID: 19 },
  { '2': 2.347687284659551, SENSOR_ID: 20 },
  { '2': 1.6717878438477998, SENSOR_ID: 21 },
  { '2': 2.0825885085153995, SENSOR_ID: 22 },
  { '2': 2.1962130892764553, SENSOR_ID: 23 },
  { '2': 1.9644864491627911, SENSOR_ID: 24 },
  { '2': 2.117972356599864, SENSOR_ID: 25 },
  { '2': 2.0272142240635285, SENSOR_ID: 26 },
  { '2': 2.0588091537132964, SENSOR_ID: 27 },
  { '2': 1.8574036650111325, SENSOR_ID: 28 },
  { '2': 1.9340444596443218, SENSOR_ID: 29 },
  { '2': 1.9078820495185667, SENSOR_ID: 30 },
  { '2': 2.355777816655006, SENSOR_ID: 31 },
  { '2': 2.620220770169017, SENSOR_ID: 32 },
  { '2': 2.352588824459675, SENSOR_ID: 33 },
  { '2': 2.4584240239183934, SENSOR_ID: 34 },
  { '2': 2.2210022847100164, SENSOR_ID: 35 },
  { '2': 2.087562269453717, SENSOR_ID: 36 },
  { '2': 2.2993194444444436, SENSOR_ID: 37 },
  { '2': 2.098383000338637, SENSOR_ID: 38 },
  { '2': 1.6395662650602396, SENSOR_ID: 39 },
  { '2': 1.7949589743589767, SENSOR_ID: 40 },
  { '2': 1.6842109090909099, SENSOR_ID: 41 },
  { '2': 1.753263793103448, SENSOR_ID: 42 },
  { '2': 1.553619469026548, SENSOR_ID: 43 },
  { '2': 1.5444629294755867, SENSOR_ID: 44 },
  { '2': 1.7189819494584848, SENSOR_ID: 45 },
  { '2': 1.7175496453900732, SENSOR_ID: 46 },
  { '2': 1.5916204620462044, SENSOR_ID: 47 },
  { '2': 1.4496335616438358, SENSOR_ID: 48 },
  { '2': 1.6149838129496406, SENSOR_ID: 49 },
  { '2': 1.6184280373831785, SENSOR_ID: 50 },
  { '2': 1.8411348314606741, SENSOR_ID: 51 } ]
network stat data plus: [ { '2': 17673, '3': 111, '4': 7564, '5': 2, SENSOR_ID: 3 },
  { '2': 22861, '3': 67, '4': 17098, '5': 1, SENSOR_ID: 4 },
  { '2': 16095, '3': 484, '4': 15075, '5': 7, SENSOR_ID: 5 },
  { '2': 17372, '3': 10, '4': 17109, '5': 0, SENSOR_ID: 6 },
  { '2': 35229, '3': 80, '4': 17104, '5': 4, SENSOR_ID: 7 },
  { '2': 16866, '3': 5, '4': 16444, '5': 0, SENSOR_ID: 8 },
  { '2': 16794, '3': 5, '4': 16428, '5': 0, SENSOR_ID: 9 },
  { '2': 18227, '3': 9, '4': 7369, '5': 0, SENSOR_ID: 10 },
  { '2': 23069, '3': 106, '4': 17102, '5': 0, SENSOR_ID: 11 },
  { '2': 20771, '3': 188, '4': 17036, '5': 8, SENSOR_ID: 12 },
  { '2': 70729, '3': 89, '4': 17013, '5': 0, SENSOR_ID: 13 },
  { '2': 17297, '3': 15, '4': 17091, '5': 0, SENSOR_ID: 14 },
  { '2': 17276, '3': 10, '4': 17103, '5': 0, SENSOR_ID: 15 },
  { '2': 35269, '3': 63, '4': 17093, '5': 3, SENSOR_ID: 16 },
  { '2': 15933, '3': 235, '4': 15070, '5': 6, SENSOR_ID: 17 },
  { '2': 17644, '3': 33, '4': 10135, '5': 7, SENSOR_ID: 18 },
  { '2': 18955, '3': 45, '4': 17101, '5': 0, SENSOR_ID: 19 },
  { '2': 17476, '3': 13, '4': 17094, '5': 0, SENSOR_ID: 20 },
  { '2': 104013, '3': 707, '4': 17036, '5': 24, SENSOR_ID: 21 },
  { '2': 17850, '3': 17, '4': 17093, '5': 0, SENSOR_ID: 22 },
  { '2': 13500, '3': 147, '4': 7983, '5': 2, SENSOR_ID: 23 },
  { '2': 20925, '3': 28, '4': 17088, '5': 0, SENSOR_ID: 24 },
  { '2': 15807, '3': 339, '4': 15052, '5': 7, SENSOR_ID: 25 },
  { '2': 53049, '3': 112, '4': 17070, '5': 0, SENSOR_ID: 26 },
  { '2': 15583, '3': 78, '4': 15104, '5': 7, SENSOR_ID: 27 },
  { '2': 18843, '3': 48, '4': 17089, '5': 2, SENSOR_ID: 28 },
  { '2': 20386, '3': 99, '4': 17042, '5': 11, SENSOR_ID: 29 },
  { '2': 18522, '3': 160, '4': 17039, '5': 2, SENSOR_ID: 30 },
  { '2': 18731, '3': 72, '4': 17091, '5': 5, SENSOR_ID: 31 },
  { '2': 15470, '3': 59, '4': 15096, '5': 2, SENSOR_ID: 32 },
  { '2': 14565, '3': 227, '4': 7363, '5': 1, SENSOR_ID: 33 },
  { '2': 15410, '3': 27, '4': 15092, '5': 5, SENSOR_ID: 34 },
  { '2': 18190, '3': 77, '4': 17047, '5': 3, SENSOR_ID: 35 },
  { '2': 20459, '3': 122, '4': 7327, '5': 16, SENSOR_ID: 36 },
  { '2': 16005, '3': 440, '4': 15121, '5': 9, SENSOR_ID: 37 },
  { '2': 15504, '3': 49, '4': 15100, '5': 5, SENSOR_ID: 38 } ]
Num of rows: 2382725
start offset: 0, end offset: 2382725
